<?xml version="1.0" encoding="UTF-8" ?>
<testsuite tests="2" failures="0" name="TestSuite" time="1.534" errors="0" skipped="2">
  <properties>
[...]
</properties>
  <testcase classname="ParameterizedTest" name="parameterTest" time="0.767">
    <skipped/>
    <system-out>Configuring TestNG with: org.apache.maven.surefire.testng.conf.TestNG652Configurator@184f6be2
</system-out>
  </testcase>
  <testcase classname="com.selenium.ParameterizedTest" name="parameterTest" time="0.767">
    <skipped/>
  </testcase>
</testsuite>