<?xml version="1.0" encoding="UTF-8"?>
<!-- Generated by org.testng.reporters.JUnitXMLReporter -->
<testsuite hostname="LIN20004688" failures="0" tests="2" name="Command line test" time="0.013" errors="0" timestamp="4 Apr 2022 15:13:58 GMT">
  <testcase classname="ParameterizedTest" name="parameterTest" time="0.0">
    <skipped/>
  </testcase> <!-- parameterTest -->
  <testcase classname="com.selenium.ParameterizedTest" name="parameterTest" time="0.0">
    <skipped/>
  </testcase> <!-- parameterTest -->
</testsuite> <!-- Command line test -->
